<?xml version="1.0" encoding="UTF-8"?>
<!-- Generated by org.testng.reporters.JUnitReportReporter -->
<testsuite hostname="Jahid" failures="0" tests="1" name="home.SearchMenu" time="32.488" errors="0" timestamp="06 Jan 2018 19:17:48 GMT" skipped="0">
  <testcase classname="home.SearchMenu" name="searchOption" time="32.488"/>
</testsuite> <!-- home.SearchMenu -->
